<?xml version="1.0" encoding="UTF-8"?>
<!-- Generated by org.testng.reporters.JUnitReportReporter -->
<testsuite hostname="sreekarj" name="com.nexii.testing.NexiiContactTest" tests="1" failures="0" timestamp="11 Sep 2014 08:32:50 GMT" time="160.974" errors="0">
  <testcase name="contactUs" time="160.974" classname="com.nexii.testing.NexiiContactTest"/>
</testsuite> <!-- com.nexii.testing.NexiiContactTest -->
